0 verbose cli /usr/bin/node /usr/bin/npm
1 info using npm@9.3.1
2 info using node@v19.5.0
3 timing npm:load:whichnode Completed in 31ms
4 timing config:load:defaults Completed in 9ms
5 timing config:load:file:/usr/lib/node_modules/npm/npmrc Completed in 1ms
6 timing config:load:builtin Completed in 1ms
7 warn config cache-min This option has been deprecated in favor of `--prefer-offline`.
8 warn config shrinkwrap Use the --package-lock setting instead.
9 timing config:load:cli Completed in 5ms
10 timing config:load:env Completed in 1ms
11 timing config:load:project Completed in 1ms
12 timing config:load:file:/home/vasanth/.npmrc Completed in 0ms
13 timing config:load:user Completed in 0ms
14 timing config:load:file:/usr/etc/npmrc Completed in 1ms
15 timing config:load:global Completed in 1ms
16 timing config:load:setEnvs Completed in 1ms
17 timing config:load Completed in 19ms
18 timing npm:load:configload Completed in 19ms
19 timing npm:load:mkdirpcache Completed in 0ms
20 timing npm:load:mkdirplogs Completed in 0ms
21 verbose title npm i @angular/cli
22 verbose argv "i" "--global" "@angular/cli" "--cache" "MY_CACHE_FOLDER" "--cache-min" "999999999" "--no-shrinkwrap"
23 timing npm:load:setTitle Completed in 3ms
24 timing config:load:flatten Completed in 5ms
25 timing npm:load:display Completed in 8ms
26 verbose logfile logs-max:10 dir:/home/vasanth/Downloads/Visibility_Forecast-main1/Visibility_Forecast-main/MY_CACHE_FOLDER/_logs/2023-01-27T10_46_56_191Z-
27 verbose logfile /home/vasanth/Downloads/Visibility_Forecast-main1/Visibility_Forecast-main/MY_CACHE_FOLDER/_logs/2023-01-27T10_46_56_191Z-debug-0.log
28 timing npm:load:logFile Completed in 9ms
29 timing npm:load:timers Completed in 0ms
30 timing npm:load:configScope Completed in 0ms
31 timing npm:load Completed in 72ms
32 timing config:load:flatten Completed in 1ms
33 timing arborist:ctor Completed in 2ms
34 silly logfile done cleaning log files
35 timing idealTree:init Completed in 11ms
36 timing idealTree:userRequests Completed in 7ms
37 silly idealTree buildDeps
38 silly fetch manifest @angular/cli@*
