0 verbose cli /usr/bin/node /usr/bin/npm
1 info using npm@9.3.1
2 info using node@v19.5.0
3 timing npm:load:whichnode Completed in 25ms
4 timing config:load:defaults Completed in 3ms
5 timing config:load:file:/usr/lib/node_modules/npm/npmrc Completed in 9ms
6 timing config:load:builtin Completed in 10ms
7 warn config cache-min This option has been deprecated in favor of `--prefer-offline`.
8 warn config shrinkwrap Use the --package-lock setting instead.
9 timing config:load:cli Completed in 4ms
10 timing config:load:env Completed in 0ms
11 timing config:load:project Completed in 5ms
12 timing config:load:file:/home/vasanth/.npmrc Completed in 0ms
13 timing config:load:user Completed in 0ms
14 timing config:load:file:/usr/etc/npmrc Completed in 0ms
15 timing config:load:global Completed in 1ms
16 timing config:load:setEnvs Completed in 1ms
17 timing config:load Completed in 28ms
18 timing npm:load:configload Completed in 28ms
19 timing npm:load:mkdirpcache Completed in 21ms
20 timing npm:load:mkdirplogs Completed in 1ms
21 verbose title npm i @angular/cli
22 verbose argv "i" "--global" "@angular/cli" "--cache" "MY_CACHE_FOLDER" "--cache-min" "999999999" "--no-shrinkwrap"
23 timing npm:load:setTitle Completed in 3ms
24 timing config:load:flatten Completed in 5ms
25 timing npm:load:display Completed in 9ms
26 verbose logfile logs-max:10 dir:/home/vasanth/Downloads/Visibility_Forecast-main1/Visibility_Forecast-main/MY_CACHE_FOLDER/_logs/2023-01-27T10_45_25_684Z-
27 verbose logfile /home/vasanth/Downloads/Visibility_Forecast-main1/Visibility_Forecast-main/MY_CACHE_FOLDER/_logs/2023-01-27T10_45_25_684Z-debug-0.log
28 timing npm:load:logFile Completed in 8ms
29 timing npm:load:timers Completed in 0ms
30 timing npm:load:configScope Completed in 0ms
31 timing npm:load Completed in 97ms
32 timing config:load:flatten Completed in 3ms
33 timing arborist:ctor Completed in 2ms
34 silly logfile done cleaning log files
35 timing idealTree:init Completed in 14ms
36 timing idealTree:userRequests Completed in 3ms
37 silly idealTree buildDeps
38 silly fetch manifest @angular/cli@*
39 silly placeDep ROOT @angular/cli@ OK for:  want: *
40 timing idealTree:#root Completed in 70040ms
41 timing idealTree:node_modules/@angular/cli Completed in 0ms
42 timing idealTree:buildDeps Completed in 70044ms
43 timing idealTree:fixDepFlags Completed in 1ms
44 timing idealTree Completed in 70066ms
45 timing command:i Completed in 70244ms
46 verbose type system
47 verbose stack FetchError: request to https://registry.npmjs.org/@angular%2fcli failed, reason: getaddrinfo ENOTFOUND registry.npmjs.org
47 verbose stack     at ClientRequest.<anonymous> (/usr/lib/node_modules/npm/node_modules/minipass-fetch/lib/index.js:130:14)
47 verbose stack     at ClientRequest.emit (node:events:512:28)
47 verbose stack     at TLSSocket.socketErrorListener (node:_http_client:496:9)
47 verbose stack     at TLSSocket.emit (node:events:524:35)
47 verbose stack     at emitErrorNT (node:internal/streams/destroy:151:8)
47 verbose stack     at emitErrorCloseNT (node:internal/streams/destroy:116:3)
47 verbose stack     at process.processTicksAndRejections (node:internal/process/task_queues:82:21)
48 verbose cwd /home/vasanth/Downloads/Visibility_Forecast-main1/Visibility_Forecast-main
49 verbose Linux 4.18.0-193.el8.x86_64
50 verbose node v19.5.0
51 verbose npm  v9.3.1
52 error code ENOTFOUND
53 error syscall getaddrinfo
54 error errno ENOTFOUND
55 error network request to https://registry.npmjs.org/@angular%2fcli failed, reason: getaddrinfo ENOTFOUND registry.npmjs.org
56 error network This is a problem related to network connectivity.
56 error network In most cases you are behind a proxy or have bad network settings.
56 error network
56 error network If you are behind a proxy, please make sure that the
56 error network 'proxy' config is set properly.  See: 'npm help config'
57 verbose exit 1
58 timing npm Completed in 70395ms
59 verbose unfinished npm timer reify 1674816325826
60 verbose unfinished npm timer reify:loadTrees 1674816325994
61 verbose code 1
62 error A complete log of this run can be found in:
62 error     /home/vasanth/Downloads/Visibility_Forecast-main1/Visibility_Forecast-main/MY_CACHE_FOLDER/_logs/2023-01-27T10_45_25_684Z-debug-0.log
